<?xml version="1.0" encoding="UTF-8"?>
<testsuite xmlns:xsi="http://www.w3.org/2001/XMLSchema-instance" xsi:noNamespaceSchemaLocation="https://maven.apache.org/surefire/maven-surefire-plugin/xsd/surefire-test-report.xsd" name="cn.sdormitory.AppTest" time="0.201" tests="1" errors="0" skipped="0" failures="0">
  <properties>
    <property name="sun.desktop" value="windows"/>
    <property name="awt.toolkit" value="sun.awt.windows.WToolkit"/>
    <property name="file.encoding.pkg" value="sun.io"/>
    <property name="java.specification.version" value="1.8"/>
    <property name="sun.cpu.isalist" value="amd64"/>
    <property name="sun.jnu.encoding" value="GBK"/>
    <property name="java.class.path" value="E:\dormitorycode\sdormitory\sdormitory-app\target\test-classes;E:\dormitorycode\sdormitory\sdormitory-app\target\classes;e:\mavenRepository\cn\sdormitory\sdormitory-biz\1.0.0\sdormitory-biz-1.0.0.jar;e:\mavenRepository\org\springframework\boot\spring-boot-starter-web\2.3.3.RELEASE\spring-boot-starter-web-2.3.3.RELEASE.jar;e:\mavenRepository\org\springframework\boot\spring-boot-starter\2.3.3.RELEASE\spring-boot-starter-2.3.3.RELEASE.jar;e:\mavenRepository\org\springframework\boot\spring-boot\2.3.3.RELEASE\spring-boot-2.3.3.RELEASE.jar;e:\mavenRepository\org\springframework\boot\spring-boot-starter-logging\2.3.3.RELEASE\spring-boot-starter-logging-2.3.3.RELEASE.jar;e:\mavenRepository\ch\qos\logback\logback-classic\1.2.3\logback-classic-1.2.3.jar;e:\mavenRepository\ch\qos\logback\logback-core\1.2.3\logback-core-1.2.3.jar;e:\mavenRepository\org\apache\logging\log4j\log4j-to-slf4j\2.13.3\log4j-to-slf4j-2.13.3.jar;e:\mavenRepository\org\apache\logging\log4j\log4j-api\2.13.3\log4j-api-2.13.3.jar;e:\mavenRepository\org\slf4j\jul-to-slf4j\1.7.30\jul-to-slf4j-1.7.30.jar;e:\mavenRepository\jakarta\annotation\jakarta.annotation-api\1.3.5\jakarta.annotation-api-1.3.5.jar;e:\mavenRepository\org\yaml\snakeyaml\1.26\snakeyaml-1.26.jar;e:\mavenRepository\org\springframework\boot\spring-boot-starter-json\2.3.3.RELEASE\spring-boot-starter-json-2.3.3.RELEASE.jar;e:\mavenRepository\com\fasterxml\jackson\datatype\jackson-datatype-jdk8\2.11.2\jackson-datatype-jdk8-2.11.2.jar;e:\mavenRepository\com\fasterxml\jackson\datatype\jackson-datatype-jsr310\2.11.2\jackson-datatype-jsr310-2.11.2.jar;e:\mavenRepository\com\fasterxml\jackson\module\jackson-module-parameter-names\2.11.2\jackson-module-parameter-names-2.11.2.jar;e:\mavenRepository\org\springframework\boot\spring-boot-starter-tomcat\2.3.3.RELEASE\spring-boot-starter-tomcat-2.3.3.RELEASE.jar;e:\mavenRepository\org\apache\tomcat\embed\tomcat-embed-core\9.0.37\tomcat-embed-core-9.0.37.jar;e:\mavenRepository\org\glassfish\jakarta.el\3.0.3\jakarta.el-3.0.3.jar;e:\mavenRepository\org\apache\tomcat\embed\tomcat-embed-websocket\9.0.37\tomcat-embed-websocket-9.0.37.jar;e:\mavenRepository\org\springframework\spring-web\5.2.8.RELEASE\spring-web-5.2.8.RELEASE.jar;e:\mavenRepository\org\springframework\spring-webmvc\5.2.8.RELEASE\spring-webmvc-5.2.8.RELEASE.jar;e:\mavenRepository\org\springframework\spring-expression\5.2.8.RELEASE\spring-expression-5.2.8.RELEASE.jar;e:\mavenRepository\org\springframework\boot\spring-boot-starter-aop\2.3.3.RELEASE\spring-boot-starter-aop-2.3.3.RELEASE.jar;e:\mavenRepository\org\springframework\spring-aop\5.2.8.RELEASE\spring-aop-5.2.8.RELEASE.jar;e:\mavenRepository\org\aspectj\aspectjweaver\1.9.6\aspectjweaver-1.9.6.jar;e:\mavenRepository\org\springframework\spring-context-support\5.2.8.RELEASE\spring-context-support-5.2.8.RELEASE.jar;e:\mavenRepository\org\springframework\spring-beans\5.2.8.RELEASE\spring-beans-5.2.8.RELEASE.jar;e:\mavenRepository\org\springframework\spring-context\5.2.8.RELEASE\spring-context-5.2.8.RELEASE.jar;e:\mavenRepository\org\springframework\spring-core\5.2.8.RELEASE\spring-core-5.2.8.RELEASE.jar;e:\mavenRepository\org\springframework\spring-jcl\5.2.8.RELEASE\spring-jcl-5.2.8.RELEASE.jar;e:\mavenRepository\org\springframework\boot\spring-boot-starter-security\2.3.3.RELEASE\spring-boot-starter-security-2.3.3.RELEASE.jar;e:\mavenRepository\org\springframework\security\spring-security-config\5.3.4.RELEASE\spring-security-config-5.3.4.RELEASE.jar;e:\mavenRepository\org\springframework\security\spring-security-core\5.3.4.RELEASE\spring-security-core-5.3.4.RELEASE.jar;e:\mavenRepository\org\springframework\security\spring-security-web\5.3.4.RELEASE\spring-security-web-5.3.4.RELEASE.jar;e:\mavenRepository\org\springframework\boot\spring-boot-starter-data-redis\2.3.3.RELEASE\spring-boot-starter-data-redis-2.3.3.RELEASE.jar;e:\mavenRepository\org\springframework\data\spring-data-redis\2.3.3.RELEASE\spring-data-redis-2.3.3.RELEASE.jar;e:\mavenRepository\org\springframework\data\spring-data-keyvalue\2.3.3.RELEASE\spring-data-keyvalue-2.3.3.RELEASE.jar;e:\mavenRepository\org\springframework\data\spring-data-commons\2.3.3.RELEASE\spring-data-commons-2.3.3.RELEASE.jar;e:\mavenRepository\org\springframework\spring-tx\5.2.8.RELEASE\spring-tx-5.2.8.RELEASE.jar;e:\mavenRepository\org\springframework\spring-oxm\5.2.8.RELEASE\spring-oxm-5.2.8.RELEASE.jar;e:\mavenRepository\io\lettuce\lettuce-core\5.3.3.RELEASE\lettuce-core-5.3.3.RELEASE.jar;e:\mavenRepository\io\netty\netty-common\4.1.51.Final\netty-common-4.1.51.Final.jar;e:\mavenRepository\io\netty\netty-handler\4.1.51.Final\netty-handler-4.1.51.Final.jar;e:\mavenRepository\io\netty\netty-resolver\4.1.51.Final\netty-resolver-4.1.51.Final.jar;e:\mavenRepository\io\netty\netty-buffer\4.1.51.Final\netty-buffer-4.1.51.Final.jar;e:\mavenRepository\io\netty\netty-codec\4.1.51.Final\netty-codec-4.1.51.Final.jar;e:\mavenRepository\io\netty\netty-transport\4.1.51.Final\netty-transport-4.1.51.Final.jar;e:\mavenRepository\io\projectreactor\reactor-core\3.3.9.RELEASE\reactor-core-3.3.9.RELEASE.jar;e:\mavenRepository\org\reactivestreams\reactive-streams\1.0.3\reactive-streams-1.0.3.jar;e:\mavenRepository\com\baomidou\mybatis-plus-boot-starter\3.4.0\mybatis-plus-boot-starter-3.4.0.jar;e:\mavenRepository\org\springframework\boot\spring-boot-autoconfigure\2.3.3.RELEASE\spring-boot-autoconfigure-2.3.3.RELEASE.jar;e:\mavenRepository\org\springframework\boot\spring-boot-starter-jdbc\2.3.3.RELEASE\spring-boot-starter-jdbc-2.3.3.RELEASE.jar;e:\mavenRepository\com\zaxxer\HikariCP\3.4.5\HikariCP-3.4.5.jar;e:\mavenRepository\org\springframework\spring-jdbc\5.2.8.RELEASE\spring-jdbc-5.2.8.RELEASE.jar;e:\mavenRepository\com\baomidou\mybatis-plus\3.4.0\mybatis-plus-3.4.0.jar;e:\mavenRepository\com\baomidou\mybatis-plus-extension\3.4.0\mybatis-plus-extension-3.4.0.jar;e:\mavenRepository\com\baomidou\mybatis-plus-core\3.4.0\mybatis-plus-core-3.4.0.jar;e:\mavenRepository\com\baomidou\mybatis-plus-annotation\3.4.0\mybatis-plus-annotation-3.4.0.jar;e:\mavenRepository\com\github\jsqlparser\jsqlparser\3.2\jsqlparser-3.2.jar;e:\mavenRepository\org\mybatis\mybatis\3.5.5\mybatis-3.5.5.jar;e:\mavenRepository\org\mybatis\mybatis-spring\2.0.5\mybatis-spring-2.0.5.jar;e:\mavenRepository\mysql\mysql-connector-java\8.0.21\mysql-connector-java-8.0.21.jar;e:\mavenRepository\com\alibaba\druid-spring-boot-starter\1.1.23\druid-spring-boot-starter-1.1.23.jar;e:\mavenRepository\com\alibaba\druid\1.1.23\druid-1.1.23.jar;e:\mavenRepository\org\slf4j\slf4j-api\1.7.30\slf4j-api-1.7.30.jar;e:\mavenRepository\commons-lang\commons-lang\2.6\commons-lang-2.6.jar;e:\mavenRepository\commons-fileupload\commons-fileupload\1.4\commons-fileupload-1.4.jar;e:\mavenRepository\commons-io\commons-io\2.5\commons-io-2.5.jar;e:\mavenRepository\commons-codec\commons-codec\1.14\commons-codec-1.14.jar;e:\mavenRepository\commons-configuration\commons-configuration\1.10\commons-configuration-1.10.jar;e:\mavenRepository\commons-logging\commons-logging\1.1.1\commons-logging-1.1.1.jar;e:\mavenRepository\io\jsonwebtoken\jjwt\0.9.1\jjwt-0.9.1.jar;e:\mavenRepository\com\fasterxml\jackson\core\jackson-databind\2.11.2\jackson-databind-2.11.2.jar;e:\mavenRepository\com\fasterxml\jackson\core\jackson-core\2.11.2\jackson-core-2.11.2.jar;e:\mavenRepository\com\github\axet\kaptcha\0.0.9\kaptcha-0.0.9.jar;e:\mavenRepository\com\jhlabs\filters\2.0.235\filters-2.0.235.jar;e:\mavenRepository\io\springfox\springfox-swagger2\2.9.2\springfox-swagger2-2.9.2.jar;e:\mavenRepository\io\swagger\swagger-annotations\1.5.20\swagger-annotations-1.5.20.jar;e:\mavenRepository\io\springfox\springfox-spi\2.9.2\springfox-spi-2.9.2.jar;e:\mavenRepository\io\springfox\springfox-core\2.9.2\springfox-core-2.9.2.jar;e:\mavenRepository\net\bytebuddy\byte-buddy\1.10.14\byte-buddy-1.10.14.jar;e:\mavenRepository\io\springfox\springfox-schema\2.9.2\springfox-schema-2.9.2.jar;e:\mavenRepository\io\springfox\springfox-swagger-common\2.9.2\springfox-swagger-common-2.9.2.jar;e:\mavenRepository\io\springfox\springfox-spring-web\2.9.2\springfox-spring-web-2.9.2.jar;e:\mavenRepository\com\google\guava\guava\20.0\guava-20.0.jar;e:\mavenRepository\com\fasterxml\classmate\1.5.1\classmate-1.5.1.jar;e:\mavenRepository\org\springframework\plugin\spring-plugin-core\1.2.0.RELEASE\spring-plugin-core-1.2.0.RELEASE.jar;e:\mavenRepository\org\springframework\plugin\spring-plugin-metadata\1.2.0.RELEASE\spring-plugin-metadata-1.2.0.RELEASE.jar;e:\mavenRepository\org\mapstruct\mapstruct\1.2.0.Final\mapstruct-1.2.0.Final.jar;e:\mavenRepository\io\swagger\swagger-models\1.5.21\swagger-models-1.5.21.jar;e:\mavenRepository\com\fasterxml\jackson\core\jackson-annotations\2.11.2\jackson-annotations-2.11.2.jar;e:\mavenRepository\com\github\xiaoymin\knife4j-spring-boot-starter\2.0.4\knife4j-spring-boot-starter-2.0.4.jar;e:\mavenRepository\com\github\xiaoymin\knife4j-spring-boot-autoconfigure\2.0.4\knife4j-spring-boot-autoconfigure-2.0.4.jar;e:\mavenRepository\com\github\xiaoymin\knife4j-spring\2.0.4\knife4j-spring-2.0.4.jar;e:\mavenRepository\com\github\xiaoymin\knife4j-annotations\2.0.4\knife4j-annotations-2.0.4.jar;e:\mavenRepository\com\github\xiaoymin\knife4j-core\2.0.4\knife4j-core-2.0.4.jar;e:\mavenRepository\org\javassist\javassist\3.25.0-GA\javassist-3.25.0-GA.jar;e:\mavenRepository\io\springfox\springfox-bean-validators\2.9.2\springfox-bean-validators-2.9.2.jar;e:\mavenRepository\com\github\xiaoymin\knife4j-spring-ui\2.0.4\knife4j-spring-ui-2.0.4.jar;e:\mavenRepository\com\aliyun\oss\aliyun-sdk-oss\2.7.0\aliyun-sdk-oss-2.7.0.jar;e:\mavenRepository\org\apache\httpcomponents\httpclient\4.5.12\httpclient-4.5.12.jar;e:\mavenRepository\org\jdom\jdom\1.1\jdom-1.1.jar;e:\mavenRepository\net\sf\json-lib\json-lib\2.4\json-lib-2.4-jdk15.jar;e:\mavenRepository\commons-beanutils\commons-beanutils\1.8.0\commons-beanutils-1.8.0.jar;e:\mavenRepository\net\sf\ezmorph\ezmorph\1.0.6\ezmorph-1.0.6.jar;e:\mavenRepository\com\qcloud\cos_api\5.6.28\cos_api-5.6.28.jar;e:\mavenRepository\org\bouncycastle\bcprov-jdk15on\1.64\bcprov-jdk15on-1.64.jar;e:\mavenRepository\joda-time\joda-time\2.9.9\joda-time-2.9.9.jar;e:\mavenRepository\com\alibaba\fastjson\1.2.73\fastjson-1.2.73.jar;e:\mavenRepository\cn\hutool\hutool-all\5.4.0\hutool-all-5.4.0.jar;e:\mavenRepository\org\projectlombok\lombok\1.18.12\lombok-1.18.12.jar;e:\mavenRepository\com\aliyun\aliyun-java-sdk-core\4.4.3\aliyun-java-sdk-core-4.4.3.jar;e:\mavenRepository\com\google\code\gson\gson\2.8.6\gson-2.8.6.jar;e:\mavenRepository\org\apache\httpcomponents\httpcore\4.4.13\httpcore-4.4.13.jar;e:\mavenRepository\javax\xml\bind\jaxb-api\2.3.1\jaxb-api-2.3.1.jar;e:\mavenRepository\javax\activation\javax.activation-api\1.2.0\javax.activation-api-1.2.0.jar;e:\mavenRepository\org\jacoco\org.jacoco.agent\0.8.3\org.jacoco.agent-0.8.3-runtime.jar;e:\mavenRepository\org\ini4j\ini4j\0.5.4\ini4j-0.5.4.jar;e:\mavenRepository\com\aliyun\aliyun-java-sdk-dysmsapi\1.1.0\aliyun-java-sdk-dysmsapi-1.1.0.jar;e:\mavenRepository\com\squareup\okhttp3\okhttp\3.14.9\okhttp-3.14.9.jar;e:\mavenRepository\com\squareup\okio\okio\1.17.2\okio-1.17.2.jar;e:\mavenRepository\org\lionsoul\ip2region\1.7.2\ip2region-1.7.2.jar;e:\mavenRepository\eu\bitwalker\UserAgentUtils\1.20\UserAgentUtils-1.20.jar;e:\mavenRepository\org\apache\commons\commons-lang3\3.10\commons-lang3-3.10.jar;e:\mavenRepository\org\apache\velocity\velocity\1.7\velocity-1.7.jar;e:\mavenRepository\commons-collections\commons-collections\3.2.1\commons-collections-3.2.1.jar;e:\mavenRepository\com\alibaba\easyexcel\2.2.6\easyexcel-2.2.6.jar;e:\mavenRepository\org\apache\poi\poi\3.17\poi-3.17.jar;e:\mavenRepository\org\apache\commons\commons-collections4\4.1\commons-collections4-4.1.jar;e:\mavenRepository\cglib\cglib\3.1\cglib-3.1.jar;e:\mavenRepository\org\ow2\asm\asm\4.2\asm-4.2.jar;e:\mavenRepository\org\ehcache\ehcache\3.8.1\ehcache-3.8.1.jar;e:\mavenRepository\org\glassfish\jaxb\jaxb-runtime\2.3.3\jaxb-runtime-2.3.3.jar;e:\mavenRepository\jakarta\xml\bind\jakarta.xml.bind-api\2.3.3\jakarta.xml.bind-api-2.3.3.jar;e:\mavenRepository\org\glassfish\jaxb\txw2\2.3.3\txw2-2.3.3.jar;e:\mavenRepository\com\sun\istack\istack-commons-runtime\3.0.11\istack-commons-runtime-3.0.11.jar;e:\mavenRepository\com\sun\activation\jakarta.activation\1.2.2\jakarta.activation-1.2.2.jar;e:\mavenRepository\com\cloopen\java-sms-sdk\1.0.3\java-sms-sdk-1.0.3.jar;e:\mavenRepository\dom4j\dom4j\1.6.1\dom4j-1.6.1.jar;e:\mavenRepository\xml-apis\xml-apis\1.0.b2\xml-apis-1.0.b2.jar;e:\mavenRepository\org\apache\poi\poi-scratchpad\3.17\poi-scratchpad-3.17.jar;e:\mavenRepository\org\apache\poi\poi-ooxml\3.17\poi-ooxml-3.17.jar;e:\mavenRepository\com\github\virtuald\curvesapi\1.04\curvesapi-1.04.jar;e:\mavenRepository\org\apache\poi\poi-ooxml-schemas\3.17\poi-ooxml-schemas-3.17.jar;e:\mavenRepository\org\apache\xmlbeans\xmlbeans\2.6.0\xmlbeans-2.6.0.jar;e:\mavenRepository\stax\stax-api\1.0.1\stax-api-1.0.1.jar;e:\mavenRepository\org\apache\poi\ooxml-schemas\1.3\ooxml-schemas-1.3.jar;e:\mavenRepository\log4j\log4j\1.2.17\log4j-1.2.17.jar;e:\mavenRepository\cz\mallat\uasparser\uasparser\0.6.0\uasparser-0.6.0.jar;e:\mavenRepository\net\sourceforge\jregex\jregex\1.2_01\jregex-1.2_01.jar;e:\mavenRepository\junit\junit\4.11\junit-4.11.jar;e:\mavenRepository\org\hamcrest\hamcrest-core\2.2\hamcrest-core-2.2.jar;e:\mavenRepository\org\hamcrest\hamcrest\2.2\hamcrest-2.2.jar;"/>
    <property name="java.vm.vendor" value="Oracle Corporation"/>
    <property name="sun.arch.data.model" value="64"/>
    <property name="user.variant" value=""/>
    <property name="java.vendor.url" value="http://java.oracle.com/"/>
    <property name="user.timezone" value="Asia/Shanghai"/>
    <property name="java.vm.specification.version" value="1.8"/>
    <property name="os.name" value="Windows 7"/>
    <property name="user.country" value="CN"/>
    <property name="sun.java.launcher" value="SUN_STANDARD"/>
    <property name="sun.boot.library.path" value="D:\Program Files\Java\jdk1.8.0_131\jre\bin"/>
    <property name="sun.java.command" value="C:\Users\ADMINI~1\AppData\Local\Temp\surefire5431048434774768144\surefirebooter484100243069671869.jar C:\Users\Administrator\AppData\Local\Temp\surefire5431048434774768144 2020-12-25T21-21-21_533-jvmRun1 surefire8368501454604465514tmp surefire_05848535687192026329tmp"/>
    <property name="surefire.test.class.path" value="E:\dormitorycode\sdormitory\sdormitory-app\target\test-classes;E:\dormitorycode\sdormitory\sdormitory-app\target\classes;e:\mavenRepository\cn\sdormitory\sdormitory-biz\1.0.0\sdormitory-biz-1.0.0.jar;e:\mavenRepository\org\springframework\boot\spring-boot-starter-web\2.3.3.RELEASE\spring-boot-starter-web-2.3.3.RELEASE.jar;e:\mavenRepository\org\springframework\boot\spring-boot-starter\2.3.3.RELEASE\spring-boot-starter-2.3.3.RELEASE.jar;e:\mavenRepository\org\springframework\boot\spring-boot\2.3.3.RELEASE\spring-boot-2.3.3.RELEASE.jar;e:\mavenRepository\org\springframework\boot\spring-boot-starter-logging\2.3.3.RELEASE\spring-boot-starter-logging-2.3.3.RELEASE.jar;e:\mavenRepository\ch\qos\logback\logback-classic\1.2.3\logback-classic-1.2.3.jar;e:\mavenRepository\ch\qos\logback\logback-core\1.2.3\logback-core-1.2.3.jar;e:\mavenRepository\org\apache\logging\log4j\log4j-to-slf4j\2.13.3\log4j-to-slf4j-2.13.3.jar;e:\mavenRepository\org\apache\logging\log4j\log4j-api\2.13.3\log4j-api-2.13.3.jar;e:\mavenRepository\org\slf4j\jul-to-slf4j\1.7.30\jul-to-slf4j-1.7.30.jar;e:\mavenRepository\jakarta\annotation\jakarta.annotation-api\1.3.5\jakarta.annotation-api-1.3.5.jar;e:\mavenRepository\org\yaml\snakeyaml\1.26\snakeyaml-1.26.jar;e:\mavenRepository\org\springframework\boot\spring-boot-starter-json\2.3.3.RELEASE\spring-boot-starter-json-2.3.3.RELEASE.jar;e:\mavenRepository\com\fasterxml\jackson\datatype\jackson-datatype-jdk8\2.11.2\jackson-datatype-jdk8-2.11.2.jar;e:\mavenRepository\com\fasterxml\jackson\datatype\jackson-datatype-jsr310\2.11.2\jackson-datatype-jsr310-2.11.2.jar;e:\mavenRepository\com\fasterxml\jackson\module\jackson-module-parameter-names\2.11.2\jackson-module-parameter-names-2.11.2.jar;e:\mavenRepository\org\springframework\boot\spring-boot-starter-tomcat\2.3.3.RELEASE\spring-boot-starter-tomcat-2.3.3.RELEASE.jar;e:\mavenRepository\org\apache\tomcat\embed\tomcat-embed-core\9.0.37\tomcat-embed-core-9.0.37.jar;e:\mavenRepository\org\glassfish\jakarta.el\3.0.3\jakarta.el-3.0.3.jar;e:\mavenRepository\org\apache\tomcat\embed\tomcat-embed-websocket\9.0.37\tomcat-embed-websocket-9.0.37.jar;e:\mavenRepository\org\springframework\spring-web\5.2.8.RELEASE\spring-web-5.2.8.RELEASE.jar;e:\mavenRepository\org\springframework\spring-webmvc\5.2.8.RELEASE\spring-webmvc-5.2.8.RELEASE.jar;e:\mavenRepository\org\springframework\spring-expression\5.2.8.RELEASE\spring-expression-5.2.8.RELEASE.jar;e:\mavenRepository\org\springframework\boot\spring-boot-starter-aop\2.3.3.RELEASE\spring-boot-starter-aop-2.3.3.RELEASE.jar;e:\mavenRepository\org\springframework\spring-aop\5.2.8.RELEASE\spring-aop-5.2.8.RELEASE.jar;e:\mavenRepository\org\aspectj\aspectjweaver\1.9.6\aspectjweaver-1.9.6.jar;e:\mavenRepository\org\springframework\spring-context-support\5.2.8.RELEASE\spring-context-support-5.2.8.RELEASE.jar;e:\mavenRepository\org\springframework\spring-beans\5.2.8.RELEASE\spring-beans-5.2.8.RELEASE.jar;e:\mavenRepository\org\springframework\spring-context\5.2.8.RELEASE\spring-context-5.2.8.RELEASE.jar;e:\mavenRepository\org\springframework\spring-core\5.2.8.RELEASE\spring-core-5.2.8.RELEASE.jar;e:\mavenRepository\org\springframework\spring-jcl\5.2.8.RELEASE\spring-jcl-5.2.8.RELEASE.jar;e:\mavenRepository\org\springframework\boot\spring-boot-starter-security\2.3.3.RELEASE\spring-boot-starter-security-2.3.3.RELEASE.jar;e:\mavenRepository\org\springframework\security\spring-security-config\5.3.4.RELEASE\spring-security-config-5.3.4.RELEASE.jar;e:\mavenRepository\org\springframework\security\spring-security-core\5.3.4.RELEASE\spring-security-core-5.3.4.RELEASE.jar;e:\mavenRepository\org\springframework\security\spring-security-web\5.3.4.RELEASE\spring-security-web-5.3.4.RELEASE.jar;e:\mavenRepository\org\springframework\boot\spring-boot-starter-data-redis\2.3.3.RELEASE\spring-boot-starter-data-redis-2.3.3.RELEASE.jar;e:\mavenRepository\org\springframework\data\spring-data-redis\2.3.3.RELEASE\spring-data-redis-2.3.3.RELEASE.jar;e:\mavenRepository\org\springframework\data\spring-data-keyvalue\2.3.3.RELEASE\spring-data-keyvalue-2.3.3.RELEASE.jar;e:\mavenRepository\org\springframework\data\spring-data-commons\2.3.3.RELEASE\spring-data-commons-2.3.3.RELEASE.jar;e:\mavenRepository\org\springframework\spring-tx\5.2.8.RELEASE\spring-tx-5.2.8.RELEASE.jar;e:\mavenRepository\org\springframework\spring-oxm\5.2.8.RELEASE\spring-oxm-5.2.8.RELEASE.jar;e:\mavenRepository\io\lettuce\lettuce-core\5.3.3.RELEASE\lettuce-core-5.3.3.RELEASE.jar;e:\mavenRepository\io\netty\netty-common\4.1.51.Final\netty-common-4.1.51.Final.jar;e:\mavenRepository\io\netty\netty-handler\4.1.51.Final\netty-handler-4.1.51.Final.jar;e:\mavenRepository\io\netty\netty-resolver\4.1.51.Final\netty-resolver-4.1.51.Final.jar;e:\mavenRepository\io\netty\netty-buffer\4.1.51.Final\netty-buffer-4.1.51.Final.jar;e:\mavenRepository\io\netty\netty-codec\4.1.51.Final\netty-codec-4.1.51.Final.jar;e:\mavenRepository\io\netty\netty-transport\4.1.51.Final\netty-transport-4.1.51.Final.jar;e:\mavenRepository\io\projectreactor\reactor-core\3.3.9.RELEASE\reactor-core-3.3.9.RELEASE.jar;e:\mavenRepository\org\reactivestreams\reactive-streams\1.0.3\reactive-streams-1.0.3.jar;e:\mavenRepository\com\baomidou\mybatis-plus-boot-starter\3.4.0\mybatis-plus-boot-starter-3.4.0.jar;e:\mavenRepository\org\springframework\boot\spring-boot-autoconfigure\2.3.3.RELEASE\spring-boot-autoconfigure-2.3.3.RELEASE.jar;e:\mavenRepository\org\springframework\boot\spring-boot-starter-jdbc\2.3.3.RELEASE\spring-boot-starter-jdbc-2.3.3.RELEASE.jar;e:\mavenRepository\com\zaxxer\HikariCP\3.4.5\HikariCP-3.4.5.jar;e:\mavenRepository\org\springframework\spring-jdbc\5.2.8.RELEASE\spring-jdbc-5.2.8.RELEASE.jar;e:\mavenRepository\com\baomidou\mybatis-plus\3.4.0\mybatis-plus-3.4.0.jar;e:\mavenRepository\com\baomidou\mybatis-plus-extension\3.4.0\mybatis-plus-extension-3.4.0.jar;e:\mavenRepository\com\baomidou\mybatis-plus-core\3.4.0\mybatis-plus-core-3.4.0.jar;e:\mavenRepository\com\baomidou\mybatis-plus-annotation\3.4.0\mybatis-plus-annotation-3.4.0.jar;e:\mavenRepository\com\github\jsqlparser\jsqlparser\3.2\jsqlparser-3.2.jar;e:\mavenRepository\org\mybatis\mybatis\3.5.5\mybatis-3.5.5.jar;e:\mavenRepository\org\mybatis\mybatis-spring\2.0.5\mybatis-spring-2.0.5.jar;e:\mavenRepository\mysql\mysql-connector-java\8.0.21\mysql-connector-java-8.0.21.jar;e:\mavenRepository\com\alibaba\druid-spring-boot-starter\1.1.23\druid-spring-boot-starter-1.1.23.jar;e:\mavenRepository\com\alibaba\druid\1.1.23\druid-1.1.23.jar;e:\mavenRepository\org\slf4j\slf4j-api\1.7.30\slf4j-api-1.7.30.jar;e:\mavenRepository\commons-lang\commons-lang\2.6\commons-lang-2.6.jar;e:\mavenRepository\commons-fileupload\commons-fileupload\1.4\commons-fileupload-1.4.jar;e:\mavenRepository\commons-io\commons-io\2.5\commons-io-2.5.jar;e:\mavenRepository\commons-codec\commons-codec\1.14\commons-codec-1.14.jar;e:\mavenRepository\commons-configuration\commons-configuration\1.10\commons-configuration-1.10.jar;e:\mavenRepository\commons-logging\commons-logging\1.1.1\commons-logging-1.1.1.jar;e:\mavenRepository\io\jsonwebtoken\jjwt\0.9.1\jjwt-0.9.1.jar;e:\mavenRepository\com\fasterxml\jackson\core\jackson-databind\2.11.2\jackson-databind-2.11.2.jar;e:\mavenRepository\com\fasterxml\jackson\core\jackson-core\2.11.2\jackson-core-2.11.2.jar;e:\mavenRepository\com\github\axet\kaptcha\0.0.9\kaptcha-0.0.9.jar;e:\mavenRepository\com\jhlabs\filters\2.0.235\filters-2.0.235.jar;e:\mavenRepository\io\springfox\springfox-swagger2\2.9.2\springfox-swagger2-2.9.2.jar;e:\mavenRepository\io\swagger\swagger-annotations\1.5.20\swagger-annotations-1.5.20.jar;e:\mavenRepository\io\springfox\springfox-spi\2.9.2\springfox-spi-2.9.2.jar;e:\mavenRepository\io\springfox\springfox-core\2.9.2\springfox-core-2.9.2.jar;e:\mavenRepository\net\bytebuddy\byte-buddy\1.10.14\byte-buddy-1.10.14.jar;e:\mavenRepository\io\springfox\springfox-schema\2.9.2\springfox-schema-2.9.2.jar;e:\mavenRepository\io\springfox\springfox-swagger-common\2.9.2\springfox-swagger-common-2.9.2.jar;e:\mavenRepository\io\springfox\springfox-spring-web\2.9.2\springfox-spring-web-2.9.2.jar;e:\mavenRepository\com\google\guava\guava\20.0\guava-20.0.jar;e:\mavenRepository\com\fasterxml\classmate\1.5.1\classmate-1.5.1.jar;e:\mavenRepository\org\springframework\plugin\spring-plugin-core\1.2.0.RELEASE\spring-plugin-core-1.2.0.RELEASE.jar;e:\mavenRepository\org\springframework\plugin\spring-plugin-metadata\1.2.0.RELEASE\spring-plugin-metadata-1.2.0.RELEASE.jar;e:\mavenRepository\org\mapstruct\mapstruct\1.2.0.Final\mapstruct-1.2.0.Final.jar;e:\mavenRepository\io\swagger\swagger-models\1.5.21\swagger-models-1.5.21.jar;e:\mavenRepository\com\fasterxml\jackson\core\jackson-annotations\2.11.2\jackson-annotations-2.11.2.jar;e:\mavenRepository\com\github\xiaoymin\knife4j-spring-boot-starter\2.0.4\knife4j-spring-boot-starter-2.0.4.jar;e:\mavenRepository\com\github\xiaoymin\knife4j-spring-boot-autoconfigure\2.0.4\knife4j-spring-boot-autoconfigure-2.0.4.jar;e:\mavenRepository\com\github\xiaoymin\knife4j-spring\2.0.4\knife4j-spring-2.0.4.jar;e:\mavenRepository\com\github\xiaoymin\knife4j-annotations\2.0.4\knife4j-annotations-2.0.4.jar;e:\mavenRepository\com\github\xiaoymin\knife4j-core\2.0.4\knife4j-core-2.0.4.jar;e:\mavenRepository\org\javassist\javassist\3.25.0-GA\javassist-3.25.0-GA.jar;e:\mavenRepository\io\springfox\springfox-bean-validators\2.9.2\springfox-bean-validators-2.9.2.jar;e:\mavenRepository\com\github\xiaoymin\knife4j-spring-ui\2.0.4\knife4j-spring-ui-2.0.4.jar;e:\mavenRepository\com\aliyun\oss\aliyun-sdk-oss\2.7.0\aliyun-sdk-oss-2.7.0.jar;e:\mavenRepository\org\apache\httpcomponents\httpclient\4.5.12\httpclient-4.5.12.jar;e:\mavenRepository\org\jdom\jdom\1.1\jdom-1.1.jar;e:\mavenRepository\net\sf\json-lib\json-lib\2.4\json-lib-2.4-jdk15.jar;e:\mavenRepository\commons-beanutils\commons-beanutils\1.8.0\commons-beanutils-1.8.0.jar;e:\mavenRepository\net\sf\ezmorph\ezmorph\1.0.6\ezmorph-1.0.6.jar;e:\mavenRepository\com\qcloud\cos_api\5.6.28\cos_api-5.6.28.jar;e:\mavenRepository\org\bouncycastle\bcprov-jdk15on\1.64\bcprov-jdk15on-1.64.jar;e:\mavenRepository\joda-time\joda-time\2.9.9\joda-time-2.9.9.jar;e:\mavenRepository\com\alibaba\fastjson\1.2.73\fastjson-1.2.73.jar;e:\mavenRepository\cn\hutool\hutool-all\5.4.0\hutool-all-5.4.0.jar;e:\mavenRepository\org\projectlombok\lombok\1.18.12\lombok-1.18.12.jar;e:\mavenRepository\com\aliyun\aliyun-java-sdk-core\4.4.3\aliyun-java-sdk-core-4.4.3.jar;e:\mavenRepository\com\google\code\gson\gson\2.8.6\gson-2.8.6.jar;e:\mavenRepository\org\apache\httpcomponents\httpcore\4.4.13\httpcore-4.4.13.jar;e:\mavenRepository\javax\xml\bind\jaxb-api\2.3.1\jaxb-api-2.3.1.jar;e:\mavenRepository\javax\activation\javax.activation-api\1.2.0\javax.activation-api-1.2.0.jar;e:\mavenRepository\org\jacoco\org.jacoco.agent\0.8.3\org.jacoco.agent-0.8.3-runtime.jar;e:\mavenRepository\org\ini4j\ini4j\0.5.4\ini4j-0.5.4.jar;e:\mavenRepository\com\aliyun\aliyun-java-sdk-dysmsapi\1.1.0\aliyun-java-sdk-dysmsapi-1.1.0.jar;e:\mavenRepository\com\squareup\okhttp3\okhttp\3.14.9\okhttp-3.14.9.jar;e:\mavenRepository\com\squareup\okio\okio\1.17.2\okio-1.17.2.jar;e:\mavenRepository\org\lionsoul\ip2region\1.7.2\ip2region-1.7.2.jar;e:\mavenRepository\eu\bitwalker\UserAgentUtils\1.20\UserAgentUtils-1.20.jar;e:\mavenRepository\org\apache\commons\commons-lang3\3.10\commons-lang3-3.10.jar;e:\mavenRepository\org\apache\velocity\velocity\1.7\velocity-1.7.jar;e:\mavenRepository\commons-collections\commons-collections\3.2.1\commons-collections-3.2.1.jar;e:\mavenRepository\com\alibaba\easyexcel\2.2.6\easyexcel-2.2.6.jar;e:\mavenRepository\org\apache\poi\poi\3.17\poi-3.17.jar;e:\mavenRepository\org\apache\commons\commons-collections4\4.1\commons-collections4-4.1.jar;e:\mavenRepository\cglib\cglib\3.1\cglib-3.1.jar;e:\mavenRepository\org\ow2\asm\asm\4.2\asm-4.2.jar;e:\mavenRepository\org\ehcache\ehcache\3.8.1\ehcache-3.8.1.jar;e:\mavenRepository\org\glassfish\jaxb\jaxb-runtime\2.3.3\jaxb-runtime-2.3.3.jar;e:\mavenRepository\jakarta\xml\bind\jakarta.xml.bind-api\2.3.3\jakarta.xml.bind-api-2.3.3.jar;e:\mavenRepository\org\glassfish\jaxb\txw2\2.3.3\txw2-2.3.3.jar;e:\mavenRepository\com\sun\istack\istack-commons-runtime\3.0.11\istack-commons-runtime-3.0.11.jar;e:\mavenRepository\com\sun\activation\jakarta.activation\1.2.2\jakarta.activation-1.2.2.jar;e:\mavenRepository\com\cloopen\java-sms-sdk\1.0.3\java-sms-sdk-1.0.3.jar;e:\mavenRepository\dom4j\dom4j\1.6.1\dom4j-1.6.1.jar;e:\mavenRepository\xml-apis\xml-apis\1.0.b2\xml-apis-1.0.b2.jar;e:\mavenRepository\org\apache\poi\poi-scratchpad\3.17\poi-scratchpad-3.17.jar;e:\mavenRepository\org\apache\poi\poi-ooxml\3.17\poi-ooxml-3.17.jar;e:\mavenRepository\com\github\virtuald\curvesapi\1.04\curvesapi-1.04.jar;e:\mavenRepository\org\apache\poi\poi-ooxml-schemas\3.17\poi-ooxml-schemas-3.17.jar;e:\mavenRepository\org\apache\xmlbeans\xmlbeans\2.6.0\xmlbeans-2.6.0.jar;e:\mavenRepository\stax\stax-api\1.0.1\stax-api-1.0.1.jar;e:\mavenRepository\org\apache\poi\ooxml-schemas\1.3\ooxml-schemas-1.3.jar;e:\mavenRepository\log4j\log4j\1.2.17\log4j-1.2.17.jar;e:\mavenRepository\cz\mallat\uasparser\uasparser\0.6.0\uasparser-0.6.0.jar;e:\mavenRepository\net\sourceforge\jregex\jregex\1.2_01\jregex-1.2_01.jar;e:\mavenRepository\junit\junit\4.11\junit-4.11.jar;e:\mavenRepository\org\hamcrest\hamcrest-core\2.2\hamcrest-core-2.2.jar;e:\mavenRepository\org\hamcrest\hamcrest\2.2\hamcrest-2.2.jar;"/>
    <property name="sun.cpu.endian" value="little"/>
    <property name="user.home" value="C:\Users\Administrator"/>
    <property name="user.language" value="zh"/>
    <property name="java.specification.vendor" value="Oracle Corporation"/>
    <property name="java.home" value="D:\Program Files\Java\jdk1.8.0_131\jre"/>
    <property name="basedir" value="E:\dormitorycode\sdormitory\sdormitory-app"/>
    <property name="file.separator" value="\"/>
    <property name="line.separator" value="&#10;"/>
    <property name="java.vm.specification.vendor" value="Oracle Corporation"/>
    <property name="java.specification.name" value="Java Platform API Specification"/>
    <property name="java.awt.graphicsenv" value="sun.awt.Win32GraphicsEnvironment"/>
    <property name="surefire.real.class.path" value="C:\Users\ADMINI~1\AppData\Local\Temp\surefire5431048434774768144\surefirebooter484100243069671869.jar"/>
    <property name="sun.boot.class.path" value="D:\Program Files\Java\jdk1.8.0_131\jre\lib\resources.jar;D:\Program Files\Java\jdk1.8.0_131\jre\lib\rt.jar;D:\Program Files\Java\jdk1.8.0_131\jre\lib\sunrsasign.jar;D:\Program Files\Java\jdk1.8.0_131\jre\lib\jsse.jar;D:\Program Files\Java\jdk1.8.0_131\jre\lib\jce.jar;D:\Program Files\Java\jdk1.8.0_131\jre\lib\charsets.jar;D:\Program Files\Java\jdk1.8.0_131\jre\lib\jfr.jar;D:\Program Files\Java\jdk1.8.0_131\jre\classes"/>
    <property name="user.script" value=""/>
    <property name="sun.management.compiler" value="HotSpot 64-Bit Tiered Compilers"/>
    <property name="java.runtime.version" value="1.8.0_131-b11"/>
    <property name="user.name" value="Administrator"/>
    <property name="path.separator" value=";"/>
    <property name="os.version" value="6.1"/>
    <property name="java.endorsed.dirs" value="D:\Program Files\Java\jdk1.8.0_131\jre\lib\endorsed"/>
    <property name="java.runtime.name" value="Java(TM) SE Runtime Environment"/>
    <property name="file.encoding" value="GBK"/>
    <property name="java.vm.name" value="Java HotSpot(TM) 64-Bit Server VM"/>
    <property name="localRepository" value="e:\mavenRepository"/>
    <property name="java.vendor.url.bug" value="http://bugreport.sun.com/bugreport/"/>
    <property name="java.io.tmpdir" value="C:\Users\ADMINI~1\AppData\Local\Temp\"/>
    <property name="idea.version" value="2018.3.5"/>
    <property name="java.version" value="1.8.0_131"/>
    <property name="user.dir" value="E:\dormitorycode\sdormitory\sdormitory-app"/>
    <property name="os.arch" value="amd64"/>
    <property name="java.vm.specification.name" value="Java Virtual Machine Specification"/>
    <property name="java.awt.printerjob" value="sun.awt.windows.WPrinterJob"/>
    <property name="sun.os.patch.level" value="Service Pack 1"/>
    <property name="java.library.path" value="D:\Program Files\Java\jdk1.8.0_131\jre\bin;C:\Windows\Sun\Java\bin;C:\Windows\system32;C:\Windows;D:\Program Files (x86)\NetSarang\Xshell 6\;C:\ProgramData\Oracle\Java\javapath;C:\Windows\system32;C:\Windows;C:\Windows\System32\Wbem;C:\Windows\System32\WindowsPowerShell\v1.0\;E:\tools\maven\apache-maven-3.5.2\bin;d:\Program Files\Git\cmd;D:\Program Files\Java\jdk1.8.0_131\bin;D:\Program Files\Java\jdk1.8.0_131\jre\bin;D:\Program Files\TortoiseSVN\bin;D:\Program Files\VisualSVN Server\bin;D:\Program Files\nodejs\;D:\Program Files\erl8.3\bin;D:\Program Files\MySQL\mysql-5.7.28-winx64\bin;D:\Program Files\TortoiseGit\bin;C:\Program Files\nodejs\node_global;E:\tools\Hbuilder\HBuilderX\plugins\launcher\tools\adbs;E:\seleniumjar\python3.5\Scripts\;E:\seleniumjar\python3.5\;D:\Program Files\nodejs\node_global;D:\Program Files\vscode\Microsoft VS Code\bin;E:\seleniumjar\PyCharm\PyCharm Community Edition 2019.3.4\bin;;D:\Program Files\IntelliJ IDEA 2018.3.5\bin;;."/>
    <property name="java.vm.info" value="mixed mode"/>
    <property name="java.vendor" value="Oracle Corporation"/>
    <property name="java.vm.version" value="25.131-b11"/>
    <property name="java.ext.dirs" value="D:\Program Files\Java\jdk1.8.0_131\jre\lib\ext;C:\Windows\Sun\Java\lib\ext"/>
    <property name="sun.io.unicode.encoding" value="UnicodeLittle"/>
    <property name="java.class.version" value="52.0"/>
  </properties>
  <testcase name="shouldAnswerWithTrue" classname="cn.sdormitory.AppTest" time="0.001"/>
</testsuite>